<?xml version="1.0" encoding="UTF-8"?>
<testng-results ignored="0" total="3" passed="2" failed="1" skipped="0">
  <reporter-output>
  </reporter-output>
  <suite started-at="2023-04-03T22:25:26 IST" name="Default suite" finished-at="2023-04-03T22:30:05 IST" duration-ms="279943">
    <groups>
      <group name="cucumber">
        <method signature="AbstractTestNGCucumberTests.runScenario(io.cucumber.testng.PickleWrapper,io.cucumber.testng.FeatureWrapper)[pri:0, instance:com.amazon.automation.testrunner.MyTestRunner_Class@338c99c8]" name="runScenario" class="io.cucumber.testng.AbstractTestNGCucumberTests"/>
      </group> <!-- cucumber -->
    </groups>
    <test started-at="2023-04-03T22:25:26 IST" name="Default test" finished-at="2023-04-03T22:30:05 IST" duration-ms="279943">
      <class name="com.amazon.automation.testrunner.MyTestRunner_Class">
        <test-method is-config="true" signature="setUpClass(org.testng.ITestContext)[pri:0, instance:com.amazon.automation.testrunner.MyTestRunner_Class@338c99c8]" started-at="2023-04-03T22:25:26 IST" name="setUpClass" finished-at="2023-04-03T22:25:26 IST" duration-ms="652" status="PASS">
          <params>
            <param index="0">
              <value>
                <![CDATA[org.testng.TestRunner@535adf36]]>
              </value>
            </param>
          </params>
          <reporter-output>
          </reporter-output>
        </test-method> <!-- setUpClass -->
        <test-method signature="runScenario(io.cucumber.testng.PickleWrapper,io.cucumber.testng.FeatureWrapper)[pri:0, instance:com.amazon.automation.testrunner.MyTestRunner_Class@338c99c8]" started-at="2023-04-03T22:25:26 IST" name="runScenario" description="Runs Cucumber Scenarios" data-provider="scenarios" finished-at="2023-04-03T22:29:26 IST" duration-ms="240018" status="PASS">
          <params>
            <param index="0">
              <value>
                <![CDATA["Adding product to the cart and validating accordingly chrome"]]>
              </value>
            </param>
            <param index="1">
              <value>
                <![CDATA["Search product and select and add to cart with other functionalities"]]>
              </value>
            </param>
          </params>
          <reporter-output>
          </reporter-output>
        </test-method> <!-- runScenario -->
        <test-method signature="runScenario(io.cucumber.testng.PickleWrapper,io.cucumber.testng.FeatureWrapper)[pri:0, instance:com.amazon.automation.testrunner.MyTestRunner_Class@338c99c8]" started-at="2023-04-03T22:29:26 IST" name="runScenario" description="Runs Cucumber Scenarios" data-provider="scenarios" finished-at="2023-04-03T22:29:39 IST" duration-ms="13028" status="FAIL">
          <params>
            <param index="0">
              <value>
                <![CDATA["Customer login to the app and validate Forgot Password Link chrome"]]>
              </value>
            </param>
            <param index="1">
              <value>
                <![CDATA["Login Page Feature"]]>
              </value>
            </param>
          </params>
          <exception class="java.lang.AssertionError">
            <message>
              <![CDATA[expected [false] but found [true]]]>
            </message>
            <full-stacktrace>
              <![CDATA[java.lang.AssertionError: expected [false] but found [true]
at org.testng.Assert.fail(Assert.java:110)
at org.testng.Assert.failNotEquals(Assert.java:1413)
at org.testng.Assert.assertFalse(Assert.java:78)
at org.testng.Assert.assertFalse(Assert.java:88)
at com.amazon.automation.parallel.LoginStepDefinition.forgot_your_password_link_should_be_displayed(LoginStepDefinition.java:95)
at âœ½.forgot your password link should be displayed(file:///C:/Users/HP/Downloads/Amazon_Cucumber_Json/Amazon_Cucumber/src/test/resources/parallel/Login.feature:7)
]]>
            </full-stacktrace>
          </exception> <!-- java.lang.AssertionError -->
          <reporter-output>
          </reporter-output>
        </test-method> <!-- runScenario -->
        <test-method signature="runScenario(io.cucumber.testng.PickleWrapper,io.cucumber.testng.FeatureWrapper)[pri:0, instance:com.amazon.automation.testrunner.MyTestRunner_Class@338c99c8]" started-at="2023-04-03T22:29:39 IST" name="runScenario" description="Runs Cucumber Scenarios" data-provider="scenarios" finished-at="2023-04-03T22:29:53 IST" duration-ms="14104" status="PASS">
          <params>
            <param index="0">
              <value>
                <![CDATA["Verify the Account for amazon chrome"]]>
              </value>
            </param>
            <param index="1">
              <value>
                <![CDATA["Login for Amazon website"]]>
              </value>
            </param>
          </params>
          <reporter-output>
          </reporter-output>
        </test-method> <!-- runScenario -->
        <test-method is-config="true" signature="tearDownClass()[pri:0, instance:com.amazon.automation.testrunner.MyTestRunner_Class@338c99c8]" started-at="2023-04-03T22:29:53 IST" name="tearDownClass" finished-at="2023-04-03T22:30:05 IST" duration-ms="12107" status="PASS">
          <reporter-output>
          </reporter-output>
        </test-method> <!-- tearDownClass -->
      </class> <!-- com.amazon.automation.testrunner.MyTestRunner_Class -->
    </test> <!-- Default test -->
  </suite> <!-- Default suite -->
</testng-results>
