<?xml version="1.0" encoding="UTF-8"?>
<!-- Generated by org.testng.reporters.JUnitReportReporter -->
<testsuite hostname="LAPTOP-8ANFSSC4" failures="1" tests="3" name="com.amazon.automation.testrunner.MyTestRunner_Class" time="267.150" errors="0" timestamp="2023-04-03T22:30:06 IST" skipped="0">
  <testcase classname="com.amazon.automation.testrunner.MyTestRunner_Class" name="runScenario" time="240.018"/>
  <system-out/>
  <testcase classname="com.amazon.automation.testrunner.MyTestRunner_Class" name="runScenario" time="14.104"/>
  <system-out/>
  <testcase classname="com.amazon.automation.testrunner.MyTestRunner_Class" name="runScenario" time="13.028">
    <failure message="expected [false] but found [true]" type="java.lang.AssertionError">
      <![CDATA[java.lang.AssertionError: expected [false] but found [true]
at org.testng.Assert.fail(Assert.java:110)
at org.testng.Assert.failNotEquals(Assert.java:1413)
at org.testng.Assert.assertFalse(Assert.java:78)
at org.testng.Assert.assertFalse(Assert.java:88)
at com.amazon.automation.parallel.LoginStepDefinition.forgot_your_password_link_should_be_displayed(LoginStepDefinition.java:95)
at âœ½.forgot your password link should be displayed(file:///C:/Users/HP/Downloads/Amazon_Cucumber_Json/Amazon_Cucumber/src/test/resources/parallel/Login.feature:7)
]]>
    </failure>
  </testcase> <!-- runScenario -->
  <system-out/>
</testsuite> <!-- com.amazon.automation.testrunner.MyTestRunner_Class -->
